  funtzioak.c
  helpers.c
  init_screen.c
C:\Users\julio\source\repos\sebastian-zm\Axolote\02simpleGame\game02\funtzioak.c(1,10): error C1083: No se puede abrir el archivo incluir: 'SDL.h': No such file or directory
C:\Users\julio\source\repos\sebastian-zm\Axolote\02simpleGame\game02\helpers.h(4,10): error C1083: No se puede abrir el archivo incluir: 'SDL.h': No such file or directory
  mugimendua.c
  (compilando archivo de origen "game02/helpers.c")
  
C:\Users\julio\source\repos\sebastian-zm\Axolote\02simpleGame\game02\scene_handler.h(5,10): error C1083: No se puede abrir el archivo incluir: 'SDL.h': No such file or directory
  (compilando archivo de origen "game02/init_screen.c")
  
C:\Users\julio\source\repos\sebastian-zm\Axolote\02simpleGame\game02\mugimendua.c(1,10): error C1083: No se puede abrir el archivo incluir: 'SDL.h': No such file or directory
  scene2.c
C:\Users\julio\source\repos\sebastian-zm\Axolote\02simpleGame\game02\scene2.c(1,10): error C1083: No se puede abrir el archivo incluir: 'SDL.h': No such file or directory
  scene_handler.c
C:\Users\julio\source\repos\sebastian-zm\Axolote\02simpleGame\game02\scene_handler.h(5,10): error C1083: No se puede abrir el archivo incluir: 'SDL.h': No such file or directory
  (compilando archivo de origen "game02/scene_handler.c")
  
  selfie.c
C:\Users\julio\source\repos\sebastian-zm\Axolote\02simpleGame\game02\selfie.c(1,10): error C1083: No se puede abrir el archivo incluir: 'SDL.h': No such file or directory
  main.c
C:\Users\julio\source\repos\sebastian-zm\Axolote\02simpleGame\main.c(1,10): error C1083: No se puede abrir el archivo incluir: 'init_screen.h': No such file or directory
  dialogo.c
C:\Users\julio\source\repos\sebastian-zm\Axolote\02simpleGame\game02\dialogo.h(6,10): error C1083: No se puede abrir el archivo incluir: 'SDL.h': No such file or directory
  (compilando archivo de origen "game02/dialogo.c")
  
  dialogoak.c
C:\Users\julio\source\repos\sebastian-zm\Axolote\02simpleGame\game02\dialogo.h(6,10): error C1083: No se puede abrir el archivo incluir: 'SDL.h': No such file or directory
  (compilando archivo de origen "game02/dialogoak.c")
  
  dialogo_grafiko.c
C:\Users\julio\source\repos\sebastian-zm\Axolote\02simpleGame\game02\dialogo_grafiko.h(4,10): error C1083: No se puede abrir el archivo incluir: 'SDL.h': No such file or directory
  (compilando archivo de origen "game02/dialogo_grafiko.c")
  
  Generando código...
