c:\users\leire\desktop\sdl2-0-7examplesvcws (1)\sdl2-0-7examplesvcws\02simplegame\debug\vc143.pdb
c:\users\leire\desktop\sdl2-0-7examplesvcws (1)\sdl2-0-7examplesvcws\02simplegame\debug\vc143.idb
c:\users\leire\desktop\sdl2-0-7examplesvcws (1)\sdl2-0-7examplesvcws\02simplegame\debug\selfie.obj
c:\users\leire\desktop\sdl2-0-7examplesvcws (1)\sdl2-0-7examplesvcws\02simplegame\debug\scene2.obj
c:\users\leire\desktop\sdl2-0-7examplesvcws (1)\sdl2-0-7examplesvcws\02simplegame\debug\mugimendua.obj
c:\users\leire\desktop\sdl2-0-7examplesvcws (1)\sdl2-0-7examplesvcws\02simplegame\debug\helpers.obj
c:\users\leire\desktop\sdl2-0-7examplesvcws (1)\sdl2-0-7examplesvcws\02simplegame\debug\dialogo_grafiko.obj
c:\users\leire\desktop\sdl2-0-7examplesvcws (1)\sdl2-0-7examplesvcws\02simplegame\debug\dialogo.obj
c:\users\leire\desktop\sdl2-0-7examplesvcws (1)\sdl2-0-7examplesvcws\02simplegame\debug\scene_handler.obj
c:\users\leire\desktop\sdl2-0-7examplesvcws (1)\sdl2-0-7examplesvcws\02simplegame\debug\main.obj
c:\users\leire\desktop\sdl2-0-7examplesvcws (1)\sdl2-0-7examplesvcws\02simplegame\debug\init_screen.obj
c:\users\leire\desktop\sdl2-0-7examplesvcws (1)\sdl2-0-7examplesvcws\02simplegame\debug\biomak_eta_interrogazioak.obj
c:\users\leire\desktop\sdl2-0-7examplesvcws (1)\sdl2-0-7examplesvcws\02simplegame\debug\dialogoak_kargatu.obj
c:\users\leire\desktop\sdl2-0-7examplesvcws (1)\sdl2-0-7examplesvcws\debug\02simplegame.lib
c:\users\leire\desktop\sdl2-0-7examplesvcws (1)\sdl2-0-7examplesvcws\debug\02simplegame.exp
c:\users\leire\desktop\sdl2-0-7examplesvcws (1)\sdl2-0-7examplesvcws\debug\02simplegame.exe
c:\users\leire\desktop\sdl2-0-7examplesvcws (1)\sdl2-0-7examplesvcws\02simplegame\debug\02simplegame.ilk
c:\users\leire\desktop\sdl2-0-7examplesvcws (1)\sdl2-0-7examplesvcws\debug\02simplegame.pdb
c:\users\leire\desktop\sdl2-0-7examplesvcws (1)\sdl2-0-7examplesvcws\02simplegame\debug\dialogoak.obj
c:\users\leire\desktop\sdl2-0-7examplesvcws (1)\sdl2-0-7examplesvcws\02simplegame\debug\02simplegame.tlog\cl.command.1.tlog
c:\users\leire\desktop\sdl2-0-7examplesvcws (1)\sdl2-0-7examplesvcws\02simplegame\debug\02simplegame.tlog\cl.items.tlog
c:\users\leire\desktop\sdl2-0-7examplesvcws (1)\sdl2-0-7examplesvcws\02simplegame\debug\02simplegame.tlog\cl.read.1.tlog
c:\users\leire\desktop\sdl2-0-7examplesvcws (1)\sdl2-0-7examplesvcws\02simplegame\debug\02simplegame.tlog\cl.write.1.tlog
c:\users\leire\desktop\sdl2-0-7examplesvcws (1)\sdl2-0-7examplesvcws\02simplegame\debug\02simplegame.tlog\link.command.1.tlog
c:\users\leire\desktop\sdl2-0-7examplesvcws (1)\sdl2-0-7examplesvcws\02simplegame\debug\02simplegame.tlog\link.read.1.tlog
c:\users\leire\desktop\sdl2-0-7examplesvcws (1)\sdl2-0-7examplesvcws\02simplegame\debug\02simplegame.tlog\link.write.1.tlog
c:\users\leire\desktop\sdl2-0-7examplesvcws (1)\sdl2-0-7examplesvcws\02simplegame\debug\02simplegame.tlog\link.write.2u.tlog
